2020-12-13T18:27:17.620Z DEBUG [4848] createUser | {"userName":"mare","firstName":"Marko","lastName":"Markovic"}
2020-12-13T18:30:02.012Z INFO [17324] Create user | {"userName":"rema","firstName":"Marko","lastName":"Markovic"}
2020-12-13T18:30:15.156Z INFO [17324] Confirm registration: {"userName":"rema","registrationToken":"fasdfrema192"}
2020-12-13T18:30:22.154Z INFO [17324] Get user by username: {"username":"rema"}
2020-12-13T18:31:02.028Z INFO [8112] Server listening on port: 3830
2020-12-13T18:32:06.023Z INFO [20228] Server listening on port: 3830
2020-12-13T18:32:06.076Z DEBUG [20228] Connected to database: webshop
2020-12-13T18:32:32.264Z INFO [22232] Server listening on port: 3830
2020-12-13T18:32:32.355Z DEBUG [22232] Connected to database: function (target) {
        var metadata = this.findMetadata(target);
        if (!metadata)
            throw new EntityMetadataNotFoundError_1.EntityMetadataNotFoundError(target);
        return metadata;
    }
2020-12-13T18:32:46.087Z INFO [18648] Server listening on port: 3830
2020-12-13T18:32:46.147Z ERROR [18648] No metadata for "undefined" was found.
2020-12-13T18:33:05.331Z INFO [20064] Server listening on port: 3830
2020-12-13T18:33:05.432Z DEBUG [20064] Connected to database: default
2020-12-13T18:33:23.948Z INFO [11792] Server listening on port: 3830
2020-12-13T18:33:24.019Z DEBUG [11792] Connected to database: true
2020-12-13T18:33:35.450Z INFO [18028] Server listening on port: 3830
2020-12-13T18:33:35.519Z DEBUG [18028] Connected to database: true
2020-12-13T21:51:30.316Z INFO [21120] Server listening on port: 3830
2020-12-13T21:51:30.407Z DEBUG [21120] Connected to database: true
2020-12-13T21:52:52.848Z INFO [1376] Server listening on port: 3830
2020-12-13T21:52:52.914Z DEBUG [1376] Connected to database: true
2020-12-13T21:53:04.596Z INFO [18236] Server listening on port: 3830
2020-12-13T21:53:04.652Z DEBUG [18236] Connected to database: true
2020-12-13T21:54:04.345Z INFO [16588] Server listening on port: 3830
2020-12-13T21:54:04.395Z DEBUG [16588] Connected to database: true
2020-12-13T21:55:54.759Z INFO [17276] Server listening on port: 3830
2020-12-13T21:55:55.223Z DEBUG [17276] Connected to database: true
2020-12-13T21:57:35.579Z INFO [16364] Server listening on port: 3830
2020-12-13T21:57:35.657Z DEBUG [16364] Connected to database: true
2020-12-13T21:58:11.623Z INFO [15496] Server listening on port: 3830
2020-12-13T21:58:11.686Z DEBUG [15496] Connected to database: true
2020-12-13T22:01:38.653Z INFO [18304] Server listening on port: 3830
2020-12-13T22:01:38.713Z DEBUG [18304] Connected to database: true
2020-12-13T22:02:05.404Z INFO [18304] Create user | {"userName":"ramo","firstName":"Marko","lastName":"Markovic"}
2020-12-13T22:05:07.577Z INFO [22412] Server listening on port: 3830
2020-12-13T22:05:07.632Z DEBUG [22412] Connected to database: true
2020-12-13T22:05:15.463Z INFO [22412] Create user | {"userName":"remo","firstName":"Marko","lastName":"Markovic"}
2020-12-13T22:05:36.623Z INFO [22412] Get user by username: {"username":"remo"}
2020-12-13T22:05:43.979Z INFO [22412] Confirm registration: {"userName":"remo","registrationToken":"$2b$10$J7tS9t4boLskXM4qWVfmue0Atx49L.FGojnn3j1Qq3DilFhOZVapq"}
2020-12-13T22:05:47.565Z INFO [22412] Get user by username: {"username":"remo"}
