2020-12-14T14:35:01.773Z INFO [11228] Server listening on port: 3830
2020-12-14T14:35:01.845Z DEBUG [11228] Connected to database: true
2020-12-14T14:35:10.979Z INFO [16588] Server listening on port: 3830
2020-12-14T14:35:11.035Z DEBUG [16588] Connected to database: true
2020-12-14T14:35:18.757Z INFO [10436] Server listening on port: 3830
2020-12-14T14:35:18.819Z DEBUG [10436] Connected to database: true
2020-12-14T14:37:26.481Z INFO [11940] Server listening on port: 3830
2020-12-14T14:37:26.552Z DEBUG [11940] Connected to database: true
2020-12-14T14:56:59.114Z INFO [20944] Server listening on port: 3830
2020-12-14T14:56:59.238Z DEBUG [20944] Connected to database: true
2020-12-14T14:59:02.991Z INFO [20532] Server listening on port: 3830
2020-12-14T14:59:03.050Z DEBUG [20532] Connected to database: true
2020-12-14T14:59:46.060Z INFO [20532] Create user | {"userName":"gegangen","firstName":"Marko","lastName":"Gegangenovic"}
2020-12-14T15:02:15.607Z INFO [16248] Server listening on port: 3830
2020-12-14T15:02:15.670Z DEBUG [16248] Connected to database: true
2020-12-14T15:02:38.034Z INFO [15732] Server listening on port: 3830
2020-12-14T15:02:38.113Z DEBUG [15732] Connected to database: true
2020-12-14T15:02:39.629Z INFO [15732] Create user | {"userName":"gegangen","firstName":"Marko","lastName":"Gegangenovic"}
2020-12-14T15:08:31.555Z INFO [20496] Server listening on port: 3830
2020-12-14T15:08:31.602Z DEBUG [20496] Connected to database: true
2020-12-14T15:08:33.775Z INFO [20496] Create user | {"userName":"gegangen","firstName":"Marko","lastName":"Gregor"}
2020-12-14T15:08:55.477Z INFO [20496] Get user by username: {"username":"gegangen"}
2020-12-14T15:09:10.161Z INFO [20496] Confirm registration: {"userName":"gegangen","registrationToken":"$2b$08$XkP7MEMpdWSwNb7BGScyjOxCKZCsLXkU2kCkuGZRlMAeFsKckN1bW"}
2020-12-14T15:09:13.961Z INFO [20496] Get user by username: {"username":"gegangen"}
2020-12-14T15:16:30.262Z INFO [11268] Server listening on port: 3830
2020-12-14T15:16:30.314Z DEBUG [11268] Connected to database: true
2020-12-14T15:16:52.798Z INFO [11920] Server listening on port: 3830
2020-12-14T15:16:52.878Z DEBUG [11920] Connected to database: true
2020-12-14T15:17:10.746Z INFO [8140] Server listening on port: 3830
2020-12-14T15:17:10.797Z DEBUG [8140] Connected to database: true
2020-12-14T18:03:55.008Z INFO [21552] Server listening on port: 3830
2020-12-14T18:03:55.075Z DEBUG [21552] Connected to database: true
2020-12-14T18:12:35.046Z INFO [15496] Server listening on port: 3830
2020-12-14T18:12:35.110Z DEBUG [15496] Connected to database: true
2020-12-14T18:13:37.470Z INFO [16648] Server listening on port: 3830
2020-12-14T18:13:37.532Z DEBUG [16648] Connected to database: true
2020-12-14T18:13:57.562Z INFO [6664] Server listening on port: 3830
2020-12-14T18:13:57.648Z DEBUG [6664] Connected to database: true
2020-12-14T18:14:56.026Z INFO [21696] Server listening on port: 3830
2020-12-14T18:14:56.089Z DEBUG [21696] Connected to database: true
2020-12-14T18:15:57.329Z INFO [13580] Server listening on port: 3830
2020-12-14T18:15:57.378Z DEBUG [13580] Connected to database: true
2020-12-14T18:16:02.228Z INFO [18236] Server listening on port: 3830
2020-12-14T18:16:02.296Z DEBUG [18236] Connected to database: true
2020-12-14T18:16:07.951Z INFO [18028] Server listening on port: 3830
2020-12-14T18:16:08.024Z DEBUG [18028] Connected to database: true
2020-12-14T18:16:41.126Z INFO [23256] Server listening on port: 3830
2020-12-14T18:16:41.198Z DEBUG [23256] Connected to database: true
2020-12-14T18:21:17.188Z INFO [7012] Server listening on port: 3830
2020-12-14T18:21:17.316Z DEBUG [7012] Connected to database: true
2020-12-14T18:21:19.498Z INFO [18812] Server listening on port: 3830
2020-12-14T18:21:19.554Z DEBUG [18812] Connected to database: true
2020-12-14T18:21:33.122Z INFO [18812] Create user | {"userName":"betrangen","email":"test@test.com","password":"ensalatasrn","firstName":"Marko","lastName":"Gregor","userType":"SALES"}
2020-12-14T18:22:05.588Z INFO [18812] Create user | {"userName":"betrangen","email":"test@test.com","password":"ensalatasrn","firstName":"Marko","lastName":"Gregor","userType":"SALES"}
2020-12-14T18:22:51.160Z INFO [18812] Create user | {"userName":"gegangen","email":"test@test.com","password":"ensalatasrn","firstName":"Marko","lastName":"Stankovic","userType":"ADMIN"}
2020-12-14T18:23:12.401Z INFO [18812] Confirm registration: {"userName":"gegangen","registrationToken":"$2b$08$nKHecqOt8VL6e.9nEBlkTO3xeHkSNQ.BdTjwqm97sK2TqP.85ytB6"}
2020-12-14T18:23:12.441Z INFO [18812] Registration confirmed for user: gegangen
2020-12-14T18:24:41.814Z INFO [22724] Server listening on port: 3830
2020-12-14T18:24:41.992Z DEBUG [22724] Connected to database: true
2020-12-14T18:36:10.868Z INFO [13656] Server listening on port: 3830
2020-12-14T18:36:10.934Z DEBUG [13656] Connected to database: true
2020-12-14T18:38:06.022Z INFO [20304] Server listening on port: 3830
2020-12-14T18:38:06.096Z DEBUG [20304] Connected to database: true
2020-12-14T18:38:23.087Z INFO [20304] Login user | {"userName":"betrangen","password":"ensalatasrn"}
2020-12-14T18:39:02.058Z INFO [23116] Server listening on port: 3830
2020-12-14T18:39:02.110Z DEBUG [23116] Connected to database: true
2020-12-14T18:39:06.181Z INFO [23116] Login user | {"userName":"betrangen","password":"ensalatasrn"}
2020-12-14T18:39:06.216Z INFO [23116] User betrangen logged in
2020-12-14T18:39:28.792Z INFO [2148] Server listening on port: 3830
2020-12-14T18:39:28.865Z DEBUG [2148] Connected to database: true
2020-12-14T18:39:33.091Z INFO [2148] Login user | {"userName":"betrangen","password":"ensalatas2rn"}
2020-12-14T18:39:39.464Z INFO [2148] Login user | {"userName":"betrangen","password":"ensalatasrn"}
2020-12-14T18:39:39.507Z INFO [2148] User logged in, username: betrangen
2020-12-14T18:39:56.760Z INFO [9464] Server listening on port: 3830
2020-12-14T18:39:56.838Z DEBUG [9464] Connected to database: true
2020-12-14T18:39:58.807Z INFO [9464] Login user | {"userName":"betrangen","password":"ensalatasrn"}
2020-12-14T18:39:58.863Z INFO [9464] User logged in | username: betrangen
2020-12-14T18:41:10.954Z INFO [5624] Server listening on port: 3830
2020-12-14T18:41:11.008Z DEBUG [5624] Connected to database: true
2020-12-14T21:32:04.470Z INFO [21264] Server listening on port: 3830
2020-12-14T21:32:04.530Z DEBUG [21264] Connected to database: true
2020-12-14T21:32:05.934Z INFO [23352] Server listening on port: 3830
2020-12-14T21:32:05.988Z DEBUG [23352] Connected to database: true
2020-12-14T21:34:47.483Z INFO [11676] Server listening on port: 3830
2020-12-14T21:34:47.531Z DEBUG [11676] Connected to database: true
2020-12-14T21:40:13.018Z INFO [17188] Server listening on port: 3830
2020-12-14T21:40:13.092Z DEBUG [17188] Connected to database: true
2020-12-14T21:42:03.366Z INFO [22104] Server listening on port: 3830
2020-12-14T21:42:03.421Z DEBUG [22104] Connected to database: true
2020-12-14T21:42:27.567Z INFO [14128] Server listening on port: 3830
2020-12-14T21:42:27.657Z DEBUG [14128] Connected to database: true
2020-12-14T21:42:45.205Z INFO [14128] Login user | {"userName":"betrangen","password":"ensalatasrn"}
2020-12-14T21:42:45.244Z INFO [14128] User logged in | username: betrangen
2020-12-14T21:43:17.914Z INFO [14128] Login user | {"userName":"betrangen","password":"ensalatasrn"}
2020-12-14T21:43:17.958Z INFO [14128] User logged in | username: betrangen
2020-12-14T21:43:17.962Z ERROR [14128] Fetching user failed
2020-12-14T21:46:30.182Z INFO [6748] Server listening on port: 3830
2020-12-14T21:46:30.267Z DEBUG [6748] Connected to database: true
2020-12-14T21:46:33.321Z INFO [6748] Login user | {"userName":"betrangen","password":"ensalatasrn"}
2020-12-14T21:46:33.364Z INFO [6748] User logged in | username: betrangen
2020-12-14T21:47:21.543Z INFO [22416] Server listening on port: 3830
2020-12-14T21:47:21.669Z DEBUG [22416] Connected to database: true
2020-12-14T21:47:23.012Z INFO [22416] Login user | {"userName":"betrangen","password":"ensalatasrn"}
2020-12-14T21:47:23.055Z INFO [22416] User logged in | username: betrangen
2020-12-14T21:47:44.018Z INFO [2296] Server listening on port: 3830
2020-12-14T21:47:44.099Z DEBUG [2296] Connected to database: true
2020-12-14T21:47:49.399Z INFO [2296] Login user | {"userName":"betrangen","password":"ensalatasrn"}
2020-12-14T21:47:49.400Z DEBUG [2296] undefined
2020-12-14T21:47:49.449Z INFO [2296] User logged in | username: betrangen
2020-12-14T21:48:42.736Z INFO [23500] Server listening on port: 3830
2020-12-14T21:48:42.812Z DEBUG [23500] Connected to database: true
2020-12-14T21:50:19.778Z INFO [18440] Server listening on port: 3830
2020-12-14T21:50:19.877Z DEBUG [18440] Connected to database: true
2020-12-14T21:50:24.626Z INFO [18440] Login user | {"userName":"betrangen","password":"ensalatasrn"}
2020-12-14T21:50:24.627Z DEBUG [18440] Bearer eyJhbGciOiJIUzI1NiIsInR5cCI6IkpXVCJ9.eyJfaWQiOiI1ZmQ3YWQ0ZDU1NmQ1ZDQ5N2NkYjJlNTAiLCJpYXQiOjE2MDc5ODIxNjUsImV4cCI6MTYwODU4Njk2NX0.COiPEcs71mxTUhTlf9Zby3ZTkQkQeb0lcPga99ETU_Y
2020-12-14T21:50:24.630Z DEBUG [18440] typoef auth token is string
2020-12-14T21:50:24.761Z INFO [18440] User logged in | username: betrangen
2020-12-14T21:50:24.765Z ERROR [18440] Fetching user failed
2020-12-14T21:51:26.375Z INFO [6632] Server listening on port: 3830
2020-12-14T21:51:26.437Z DEBUG [6632] Connected to database: true
2020-12-14T21:51:28.950Z INFO [6632] Login user | {"userName":"betrangen","password":"ensalatasrn"}
2020-12-14T21:51:28.951Z DEBUG [6632] Bearer eyJhbGciOiJIUzI1NiIsInR5cCI6IkpXVCJ9.eyJfaWQiOiI1ZmQ3YWQ0ZDU1NmQ1ZDQ5N2NkYjJlNTAiLCJpYXQiOjE2MDc5ODIxNjUsImV4cCI6MTYwODU4Njk2NX0.COiPEcs71mxTUhTlf9Zby3ZTkQkQeb0lcPga99ETU_Y
2020-12-14T21:51:28.961Z DEBUG [6632] typoef auth token is string
2020-12-14T21:51:28.973Z DEBUG [6632] userId is: [object Object]
2020-12-14T21:51:29.032Z INFO [6632] User logged in | username: betrangen
2020-12-14T21:51:29.035Z ERROR [6632] Fetching user failed
2020-12-14T21:51:48.573Z INFO [4920] Server listening on port: 3830
2020-12-14T21:51:48.674Z DEBUG [4920] Connected to database: true
2020-12-14T21:51:50.728Z INFO [4920] Login user | {"userName":"betrangen","password":"ensalatasrn"}
2020-12-14T21:51:50.730Z DEBUG [4920] Bearer eyJhbGciOiJIUzI1NiIsInR5cCI6IkpXVCJ9.eyJfaWQiOiI1ZmQ3YWQ0ZDU1NmQ1ZDQ5N2NkYjJlNTAiLCJpYXQiOjE2MDc5ODIxNjUsImV4cCI6MTYwODU4Njk2NX0.COiPEcs71mxTUhTlf9Zby3ZTkQkQeb0lcPga99ETU_Y
2020-12-14T21:51:50.740Z DEBUG [4920] typoef auth token is string
2020-12-14T21:51:50.748Z DEBUG [4920] userId is: {"_id":"5fd7ad4d556d5d497cdb2e50","iat":1607982165,"exp":1608586965}
2020-12-14T21:51:50.817Z INFO [4920] User logged in | username: betrangen
2020-12-14T21:51:50.818Z ERROR [4920] Fetching user failed
2020-12-14T21:54:32.348Z INFO [13292] Server listening on port: 3830
2020-12-14T21:54:32.422Z DEBUG [13292] Connected to database: true
2020-12-14T21:54:34.821Z INFO [13292] Login user | {"userName":"betrangen","password":"ensalatasrn"}
2020-12-14T21:54:34.822Z DEBUG [13292] Auth token from headers: Bearer eyJhbGciOiJIUzI1NiIsInR5cCI6IkpXVCJ9.eyJfaWQiOiI1ZmQ3YWQ0ZDU1NmQ1ZDQ5N2NkYjJlNTAiLCJpYXQiOjE2MDc5ODIxNjUsImV4cCI6MTYwODU4Njk2NX0.COiPEcs71mxTUhTlf9Zby3ZTkQkQeb0lcPga99ETU_Y
2020-12-14T21:54:34.904Z INFO [13292] User logged in | username: betrangen
2020-12-14T21:54:34.907Z ERROR [13292] Fetching user failed
2020-12-14T21:54:50.625Z INFO [6992] Server listening on port: 3830
2020-12-14T21:54:50.696Z DEBUG [6992] Connected to database: true
2020-12-14T21:54:52.704Z INFO [6992] Login user | {"userName":"betrangen","password":"ensalatasrn"}
2020-12-14T21:54:52.726Z DEBUG [6992] Auth token from headers: Bearer eyJhbGciOiJIUzI1NiIsInR5cCI6IkpXVCJ9.eyJfaWQiOiI1ZmQ3YWQ0ZDU1NmQ1ZDQ5N2NkYjJlNTAiLCJpYXQiOjE2MDc5ODIxNjUsImV4cCI6MTYwODU4Njk2NX0.COiPEcs71mxTUhTlf9Zby3ZTkQkQeb0lcPga99ETU_Y
2020-12-14T21:54:52.793Z INFO [6992] User logged in | username: betrangen
2020-12-14T21:54:52.827Z ERROR [6992] Fetching user failed
2020-12-14T21:55:13.842Z INFO [22540] Server listening on port: 3830
2020-12-14T21:55:13.925Z DEBUG [22540] Connected to database: true
2020-12-14T21:55:15.202Z INFO [22540] Login user | {"userName":"betrangen","password":"ensalatasrn"}
2020-12-14T21:55:15.206Z DEBUG [22540] Auth token from headers: Bearer eyJhbGciOiJIUzI1NiIsInR5cCI6IkpXVCJ9.eyJfaWQiOiI1ZmQ3YWQ0ZDU1NmQ1ZDQ5N2NkYjJlNTAiLCJpYXQiOjE2MDc5ODIxNjUsImV4cCI6MTYwODU4Njk2NX0.COiPEcs71mxTUhTlf9Zby3ZTkQkQeb0lcPga99ETU_Y
2020-12-14T21:55:15.210Z DEBUG [22540] [object Object]
2020-12-14T21:55:15.266Z INFO [22540] User logged in | username: betrangen
2020-12-14T21:55:15.268Z ERROR [22540] Fetching user failed
2020-12-14T21:55:48.606Z INFO [20668] Server listening on port: 3830
2020-12-14T21:55:48.694Z DEBUG [20668] Connected to database: true
2020-12-14T21:55:51.245Z INFO [20668] Login user | {"userName":"betrangen","password":"ensalatasrn"}
2020-12-14T21:55:51.247Z DEBUG [20668] Auth token from headers: Bearer eyJhbGciOiJIUzI1NiIsInR5cCI6IkpXVCJ9.eyJfaWQiOiI1ZmQ3YWQ0ZDU1NmQ1ZDQ5N2NkYjJlNTAiLCJpYXQiOjE2MDc5ODIxNjUsImV4cCI6MTYwODU4Njk2NX0.COiPEcs71mxTUhTlf9Zby3ZTkQkQeb0lcPga99ETU_Y
2020-12-14T21:55:51.254Z DEBUG [20668] {"_id":"5fd7ad4d556d5d497cdb2e50","iat":1607982165,"exp":1608586965}
2020-12-14T21:55:51.313Z INFO [20668] User logged in | username: betrangen
2020-12-14T21:55:51.317Z ERROR [20668] Fetching user failed
2020-12-14T22:03:07.272Z INFO [15120] Server listening on port: 3830
2020-12-14T22:03:07.364Z DEBUG [15120] Connected to database: true
2020-12-14T22:03:10.428Z INFO [23196] Server listening on port: 3830
2020-12-14T22:03:10.478Z DEBUG [23196] Connected to database: true
2020-12-14T22:03:11.921Z INFO [23196] Login user | {"userName":"betrangen","password":"ensalatasrn"}
2020-12-14T22:03:11.922Z DEBUG [23196] Auth token from headers: Bearer eyJhbGciOiJIUzI1NiIsInR5cCI6IkpXVCJ9.eyJfaWQiOiI1ZmQ3YWQ0ZDU1NmQ1ZDQ5N2NkYjJlNTAiLCJpYXQiOjE2MDc5ODIxNjUsImV4cCI6MTYwODU4Njk2NX0.COiPEcs71mxTUhTlf9Zby3ZTkQkQeb0lcPga99ETU_Y
2020-12-14T22:03:11.980Z INFO [23196] User logged in | username: betrangen
2020-12-14T22:03:11.984Z ERROR [23196] Fetching user failed
2020-12-14T22:03:33.038Z INFO [11228] Server listening on port: 3830
2020-12-14T22:03:33.129Z DEBUG [11228] Connected to database: true
2020-12-14T22:03:34.960Z INFO [11228] Login user | {"userName":"betrangen","password":"ensalatasrn"}
2020-12-14T22:03:34.961Z DEBUG [11228] Auth token from headers: Bearer eyJhbGciOiJIUzI1NiIsInR5cCI6IkpXVCJ9.eyJfaWQiOiI1ZmQ3YWQ0ZDU1NmQ1ZDQ5N2NkYjJlNTAiLCJpYXQiOjE2MDc5ODIxNjUsImV4cCI6MTYwODU4Njk2NX0.COiPEcs71mxTUhTlf9Zby3ZTkQkQeb0lcPga99ETU_Y
2020-12-14T22:03:34.965Z DEBUG [11228] 5fd7ad4d556d5d497cdb2e50
2020-12-14T22:03:35.025Z INFO [11228] User logged in | username: betrangen
2020-12-14T22:03:35.027Z ERROR [11228] Fetching user failed
2020-12-14T22:05:12.152Z INFO [10484] Server listening on port: 3830
2020-12-14T22:05:12.204Z DEBUG [10484] Connected to database: true
2020-12-14T22:05:23.374Z INFO [19084] Server listening on port: 3830
2020-12-14T22:05:23.443Z DEBUG [19084] Connected to database: true
2020-12-14T22:05:28.821Z INFO [23248] Server listening on port: 3830
2020-12-14T22:05:28.877Z DEBUG [23248] Connected to database: true
2020-12-14T22:06:33.839Z INFO [10728] Server listening on port: 3830
2020-12-14T22:06:33.966Z DEBUG [10728] Connected to database: true
2020-12-14T22:06:36.459Z INFO [10728] Login user | {"userName":"betrangen","password":"ensalatasrn"}
2020-12-14T22:06:36.460Z DEBUG [10728] Auth token from headers: Bearer eyJhbGciOiJIUzI1NiIsInR5cCI6IkpXVCJ9.eyJfaWQiOiI1ZmQ3YWQ0ZDU1NmQ1ZDQ5N2NkYjJlNTAiLCJpYXQiOjE2MDc5ODIxNjUsImV4cCI6MTYwODU4Njk2NX0.COiPEcs71mxTUhTlf9Zby3ZTkQkQeb0lcPga99ETU_Y
2020-12-14T22:06:36.477Z DEBUG [10728] 5fd7ad4d556d5d497cdb2e50
2020-12-14T22:06:36.487Z DEBUG [10728] findById: 5fd7ad4d556d5d497cdb2e50
2020-12-14T22:06:36.490Z DEBUG [10728] fetched user: [object Promise]
2020-12-14T22:06:36.538Z INFO [10728] User logged in | username: betrangen
2020-12-14T22:06:36.543Z ERROR [10728] Fetching user failed
2020-12-14T22:06:49.370Z INFO [17564] Server listening on port: 3830
2020-12-14T22:06:49.486Z DEBUG [17564] Connected to database: true
2020-12-14T22:06:50.716Z INFO [17564] Login user | {"userName":"betrangen","password":"ensalatasrn"}
2020-12-14T22:06:50.721Z DEBUG [17564] Auth token from headers: Bearer eyJhbGciOiJIUzI1NiIsInR5cCI6IkpXVCJ9.eyJfaWQiOiI1ZmQ3YWQ0ZDU1NmQ1ZDQ5N2NkYjJlNTAiLCJpYXQiOjE2MDc5ODIxNjUsImV4cCI6MTYwODU4Njk2NX0.COiPEcs71mxTUhTlf9Zby3ZTkQkQeb0lcPga99ETU_Y
2020-12-14T22:06:50.736Z DEBUG [17564] 5fd7ad4d556d5d497cdb2e50
2020-12-14T22:06:50.741Z DEBUG [17564] findById: 5fd7ad4d556d5d497cdb2e50
2020-12-14T22:06:50.784Z DEBUG [17564] fetched user: undefined
2020-12-14T22:06:50.833Z INFO [17564] User logged in | username: betrangen
2020-12-14T22:06:50.836Z ERROR [17564] Fetching user failed
2020-12-14T22:07:44.805Z INFO [17992] Server listening on port: 3830
2020-12-14T22:07:44.885Z DEBUG [17992] Connected to database: true
2020-12-14T22:07:46.772Z INFO [17992] Login user | {"userName":"betrangen","password":"ensalatasrn"}
2020-12-14T22:07:46.773Z DEBUG [17992] Auth token from headers: Bearer eyJhbGciOiJIUzI1NiIsInR5cCI6IkpXVCJ9.eyJfaWQiOiI1ZmQ3YWQ0ZDU1NmQ1ZDQ5N2NkYjJlNTAiLCJpYXQiOjE2MDc5ODIxNjUsImV4cCI6MTYwODU4Njk2NX0.COiPEcs71mxTUhTlf9Zby3ZTkQkQeb0lcPga99ETU_Y
2020-12-14T22:07:46.790Z DEBUG [17992] 5fd7ad4d556d5d497cdb2e50
2020-12-14T22:07:46.801Z DEBUG [17992] findById: 5fd7ad4d556d5d497cdb2e50
2020-12-14T22:07:46.807Z ERROR [17992] Fetching user failed
2020-12-14T22:09:56.373Z INFO [18848] Server listening on port: 3830
2020-12-14T22:09:56.428Z DEBUG [18848] Connected to database: true
2020-12-14T22:09:57.887Z INFO [18848] Login user | {"userName":"betrangen","password":"ensalatasrn"}
2020-12-14T22:09:57.889Z DEBUG [18848] Auth token from headers: Bearer eyJhbGciOiJIUzI1NiIsInR5cCI6IkpXVCJ9.eyJfaWQiOiI1ZmQ3YWQ0ZDU1NmQ1ZDQ5N2NkYjJlNTAiLCJpYXQiOjE2MDc5ODIxNjUsImV4cCI6MTYwODU4Njk2NX0.COiPEcs71mxTUhTlf9Zby3ZTkQkQeb0lcPga99ETU_Y
2020-12-14T22:09:57.902Z DEBUG [18848] 5fd7ad4d556d5d497cdb2e50
2020-12-14T22:09:57.905Z DEBUG [18848] findById: 5fd7ad4d556d5d497cdb2e50
2020-12-14T22:09:57.906Z ERROR [18848] Fetching user failed
2020-12-14T22:11:03.035Z INFO [8932] Server listening on port: 3830
2020-12-14T22:11:03.086Z DEBUG [8932] Connected to database: true
2020-12-14T22:11:06.378Z INFO [8932] Login user | {"userName":"betrangen","password":"ensalatasrn"}
2020-12-14T22:11:06.380Z DEBUG [8932] Auth token from headers: Bearer eyJhbGciOiJIUzI1NiIsInR5cCI6IkpXVCJ9.eyJfaWQiOiI1ZmQ3YWQ0ZDU1NmQ1ZDQ5N2NkYjJlNTAiLCJpYXQiOjE2MDc5ODIxNjUsImV4cCI6MTYwODU4Njk2NX0.COiPEcs71mxTUhTlf9Zby3ZTkQkQeb0lcPga99ETU_Y
2020-12-14T22:11:06.393Z DEBUG [8932] 5fd7ad4d556d5d497cdb2e50
2020-12-14T22:11:06.403Z DEBUG [8932] findById: 5fd7ad4d556d5d497cdb2e50
2020-12-14T22:11:06.405Z ERROR [8932] Fetching user failed
2020-12-14T22:11:55.652Z INFO [22020] Server listening on port: 3830
2020-12-14T22:11:55.784Z DEBUG [22020] Connected to database: true
2020-12-14T22:11:57.092Z INFO [22020] Login user | {"userName":"betrangen","password":"ensalatasrn"}
2020-12-14T22:11:57.095Z DEBUG [22020] Auth token from headers: Bearer eyJhbGciOiJIUzI1NiIsInR5cCI6IkpXVCJ9.eyJfaWQiOiI1ZmQ3YWQ0ZDU1NmQ1ZDQ5N2NkYjJlNTAiLCJpYXQiOjE2MDc5ODIxNjUsImV4cCI6MTYwODU4Njk2NX0.COiPEcs71mxTUhTlf9Zby3ZTkQkQeb0lcPga99ETU_Y
2020-12-14T22:11:57.110Z DEBUG [22020] 5fd7ad4d556d5d497cdb2e50
2020-12-14T22:11:57.118Z DEBUG [22020] findById: 5fd7ad4d556d5d497cdb2e50
2020-12-14T22:11:57.125Z ERROR [22020] EntityMetadataNotFound: No metadata for "5fd7ad4d556d5d497cdb2e50" was found.
    at new EntityMetadataNotFoundError (C:\Projects\node\matf-kurs-js\web-shop-mare\node_modules\typeorm\error\EntityMetadataNotFoundError.js:10:28)
    at Connection.getMetadata (C:\Projects\node\matf-kurs-js\web-shop-mare\node_modules\typeorm\connection\Connection.js:360:19)
    at MongoEntityManager.createEntityCursor (C:\Projects\node\matf-kurs-js\web-shop-mare\node_modules\typeorm\entity-manager\MongoEntityManager.js:291:40)
    at MongoEntityManager.<anonymous> (C:\Projects\node\matf-kurs-js\web-shop-mare\node_modules\typeorm\entity-manager\MongoEntityManager.js:161:51)
    at step (C:\Projects\node\matf-kurs-js\web-shop-mare\node_modules\tslib\tslib.js:141:27)
    at Object.next (C:\Projects\node\matf-kurs-js\web-shop-mare\node_modules\tslib\tslib.js:122:57)
    at C:\Projects\node\matf-kurs-js\web-shop-mare\node_modules\tslib\tslib.js:115:75
    at new Promise (<anonymous>)
    at Object.__awaiter (C:\Projects\node\matf-kurs-js\web-shop-mare\node_modules\tslib\tslib.js:111:16)
    at MongoEntityManager.findOne (C:\Projects\node\matf-kurs-js\web-shop-mare\node_modules\typeorm\entity-manager\MongoEntityManager.js:149:24)
2020-12-14T22:11:57.137Z DEBUG [22020] fetched user: undefined
2020-12-14T22:11:57.391Z INFO [22020] User logged in | username: betrangen
2020-12-14T22:11:57.403Z ERROR [22020] Fetching user failed
2020-12-14T22:14:32.482Z INFO [17324] Server listening on port: 3830
2020-12-14T22:14:32.531Z ERROR [17324] Cannot use import statement outside a module
2020-12-14T22:14:39.068Z INFO [1452] Server listening on port: 3830
2020-12-14T22:14:39.169Z DEBUG [1452] Connected to database: true
2020-12-14T22:15:05.740Z INFO [1452] Login user | {"userName":"betrangen","password":"ensalatasrn"}
2020-12-14T22:15:05.742Z DEBUG [1452] Auth token from headers: Bearer eyJhbGciOiJIUzI1NiIsInR5cCI6IkpXVCJ9.eyJfaWQiOiI1ZmQ3YWQ0ZDU1NmQ1ZDQ5N2NkYjJlNTAiLCJpYXQiOjE2MDc5ODIxNjUsImV4cCI6MTYwODU4Njk2NX0.COiPEcs71mxTUhTlf9Zby3ZTkQkQeb0lcPga99ETU_Y
2020-12-14T22:15:05.747Z DEBUG [1452] 5fd7ad4d556d5d497cdb2e50
2020-12-14T22:15:05.749Z DEBUG [1452] findById: 5fd7ad4d556d5d497cdb2e50
2020-12-14T22:15:05.753Z ERROR [1452] EntityMetadataNotFound: No metadata for "5fd7ad4d556d5d497cdb2e50" was found.
    at new EntityMetadataNotFoundError (C:\Projects\node\matf-kurs-js\web-shop-mare\node_modules\typeorm\error\EntityMetadataNotFoundError.js:10:28)
    at Connection.getMetadata (C:\Projects\node\matf-kurs-js\web-shop-mare\node_modules\typeorm\connection\Connection.js:360:19)
    at MongoEntityManager.createEntityCursor (C:\Projects\node\matf-kurs-js\web-shop-mare\node_modules\typeorm\entity-manager\MongoEntityManager.js:291:40)
    at MongoEntityManager.<anonymous> (C:\Projects\node\matf-kurs-js\web-shop-mare\node_modules\typeorm\entity-manager\MongoEntityManager.js:161:51)
    at step (C:\Projects\node\matf-kurs-js\web-shop-mare\node_modules\tslib\tslib.js:141:27)
    at Object.next (C:\Projects\node\matf-kurs-js\web-shop-mare\node_modules\tslib\tslib.js:122:57)
    at C:\Projects\node\matf-kurs-js\web-shop-mare\node_modules\tslib\tslib.js:115:75
    at new Promise (<anonymous>)
    at Object.__awaiter (C:\Projects\node\matf-kurs-js\web-shop-mare\node_modules\tslib\tslib.js:111:16)
    at MongoEntityManager.findOne (C:\Projects\node\matf-kurs-js\web-shop-mare\node_modules\typeorm\entity-manager\MongoEntityManager.js:149:24)
2020-12-14T22:15:05.813Z DEBUG [1452] fetched user: undefined
2020-12-14T22:15:05.874Z INFO [1452] User logged in | username: betrangen
2020-12-14T22:15:05.876Z ERROR [1452] Fetching user failed
2020-12-14T22:17:00.372Z INFO [21116] Server listening on port: 3830
2020-12-14T22:17:00.534Z DEBUG [21116] Connected to database: true
2020-12-14T22:17:39.806Z INFO [12604] Server listening on port: 3830
2020-12-14T22:17:39.856Z DEBUG [12604] Connected to database: true
2020-12-14T22:17:53.711Z INFO [20328] Server listening on port: 3830
2020-12-14T22:17:53.769Z DEBUG [20328] Connected to database: true
2020-12-14T22:17:55.103Z INFO [20328] Login user | {"userName":"betrangen","password":"ensalatasrn"}
2020-12-14T22:17:55.127Z DEBUG [20328] [{"_id":"5fd7ad4d556d5d497cdb2e50","email":"test@test.com","userName":"betrangen","password":"$2b$08$sywfZXuk871zEhnnESIaFu2W/Di5Emt6hc/DZVqDSCHghlZ/WZPia","firstName":"Marko","lastName":"Gregor","registrationConfirmed":false,"registrationToken":"$2b$08$XylgRQdn8.SdLFK00ZgsDeE5mKem8k489i4zrAdd9jPBxNHg5EYL6","userType":"SALES"},{"_id":"5fd7ad7b556d5d497cdb2e51","email":"test@test.com","userName":"gegangen","password":"$2b$08$UYH2cer/iEDwADAa5gB.vuODhZ0NH0PmednGYJdhZzQtNKgMTqFwG","firstName":"Marko","lastName":"Stankovic","registrationConfirmed":true,"registrationToken":"$2b$08$nKHecqOt8VL6e.9nEBlkTO3xeHkSNQ.BdTjwqm97sK2TqP.85ytB6","userType":"ADMIN"}]
2020-12-14T22:17:55.129Z DEBUG [20328] Auth token from headers: Bearer eyJhbGciOiJIUzI1NiIsInR5cCI6IkpXVCJ9.eyJfaWQiOiI1ZmQ3YWQ0ZDU1NmQ1ZDQ5N2NkYjJlNTAiLCJpYXQiOjE2MDc5ODIxNjUsImV4cCI6MTYwODU4Njk2NX0.COiPEcs71mxTUhTlf9Zby3ZTkQkQeb0lcPga99ETU_Y
2020-12-14T22:17:55.172Z DEBUG [20328] 5fd7ad4d556d5d497cdb2e50
2020-12-14T22:17:55.185Z DEBUG [20328] findById: 5fd7ad4d556d5d497cdb2e50
2020-12-14T22:17:55.188Z ERROR [20328] EntityMetadataNotFound: No metadata for "5fd7ad4d556d5d497cdb2e50" was found.
    at new EntityMetadataNotFoundError (C:\Projects\node\matf-kurs-js\web-shop-mare\node_modules\typeorm\error\EntityMetadataNotFoundError.js:10:28)
    at Connection.getMetadata (C:\Projects\node\matf-kurs-js\web-shop-mare\node_modules\typeorm\connection\Connection.js:360:19)
    at MongoEntityManager.createEntityCursor (C:\Projects\node\matf-kurs-js\web-shop-mare\node_modules\typeorm\entity-manager\MongoEntityManager.js:291:40)
    at MongoEntityManager.<anonymous> (C:\Projects\node\matf-kurs-js\web-shop-mare\node_modules\typeorm\entity-manager\MongoEntityManager.js:161:51)
    at step (C:\Projects\node\matf-kurs-js\web-shop-mare\node_modules\tslib\tslib.js:141:27)
    at Object.next (C:\Projects\node\matf-kurs-js\web-shop-mare\node_modules\tslib\tslib.js:122:57)
    at C:\Projects\node\matf-kurs-js\web-shop-mare\node_modules\tslib\tslib.js:115:75
    at new Promise (<anonymous>)
    at Object.__awaiter (C:\Projects\node\matf-kurs-js\web-shop-mare\node_modules\tslib\tslib.js:111:16)
    at MongoEntityManager.findOne (C:\Projects\node\matf-kurs-js\web-shop-mare\node_modules\typeorm\entity-manager\MongoEntityManager.js:149:24)
2020-12-14T22:17:55.217Z DEBUG [20328] fetched user: undefined
2020-12-14T22:17:55.265Z INFO [20328] User logged in | username: betrangen
2020-12-14T22:17:55.268Z ERROR [20328] Fetching user failed
2020-12-14T22:19:04.566Z INFO [13804] Server listening on port: 3830
2020-12-14T22:19:04.645Z DEBUG [13804] Connected to database: true
2020-12-14T22:19:06.078Z INFO [13804] Login user | {"userName":"betrangen","password":"ensalatasrn"}
2020-12-14T22:19:06.094Z DEBUG [13804] [{"_id":"5fd7ad4d556d5d497cdb2e50","email":"test@test.com","userName":"betrangen","password":"$2b$08$sywfZXuk871zEhnnESIaFu2W/Di5Emt6hc/DZVqDSCHghlZ/WZPia","firstName":"Marko","lastName":"Gregor","registrationConfirmed":false,"registrationToken":"$2b$08$XylgRQdn8.SdLFK00ZgsDeE5mKem8k489i4zrAdd9jPBxNHg5EYL6","userType":"SALES"},{"_id":"5fd7ad7b556d5d497cdb2e51","email":"test@test.com","userName":"gegangen","password":"$2b$08$UYH2cer/iEDwADAa5gB.vuODhZ0NH0PmednGYJdhZzQtNKgMTqFwG","firstName":"Marko","lastName":"Stankovic","registrationConfirmed":true,"registrationToken":"$2b$08$nKHecqOt8VL6e.9nEBlkTO3xeHkSNQ.BdTjwqm97sK2TqP.85ytB6","userType":"ADMIN"}]
2020-12-14T22:19:06.120Z DEBUG [13804] Auth token from headers: Bearer eyJhbGciOiJIUzI1NiIsInR5cCI6IkpXVCJ9.eyJfaWQiOiI1ZmQ3YWQ0ZDU1NmQ1ZDQ5N2NkYjJlNTAiLCJpYXQiOjE2MDc5ODIxNjUsImV4cCI6MTYwODU4Njk2NX0.COiPEcs71mxTUhTlf9Zby3ZTkQkQeb0lcPga99ETU_Y
2020-12-14T22:19:06.126Z DEBUG [13804] 5fd7ad4d556d5d497cdb2e50
2020-12-14T22:19:06.129Z DEBUG [13804] findById: 5fd7ad4d556d5d497cdb2e50
2020-12-14T22:19:06.142Z DEBUG [13804] fetched user: [object Object]
2020-12-14T22:19:06.229Z INFO [13804] User logged in | username: betrangen
2020-12-14T22:19:06.273Z ERROR [13804] Fetching user failed
2020-12-14T22:19:20.781Z INFO [21364] Server listening on port: 3830
2020-12-14T22:19:20.872Z DEBUG [21364] Connected to database: true
2020-12-14T22:19:22.908Z INFO [21364] Login user | {"userName":"betrangen","password":"ensalatasrn"}
2020-12-14T22:19:22.936Z DEBUG [21364] [{"_id":"5fd7ad4d556d5d497cdb2e50","email":"test@test.com","userName":"betrangen","password":"$2b$08$sywfZXuk871zEhnnESIaFu2W/Di5Emt6hc/DZVqDSCHghlZ/WZPia","firstName":"Marko","lastName":"Gregor","registrationConfirmed":false,"registrationToken":"$2b$08$XylgRQdn8.SdLFK00ZgsDeE5mKem8k489i4zrAdd9jPBxNHg5EYL6","userType":"SALES"},{"_id":"5fd7ad7b556d5d497cdb2e51","email":"test@test.com","userName":"gegangen","password":"$2b$08$UYH2cer/iEDwADAa5gB.vuODhZ0NH0PmednGYJdhZzQtNKgMTqFwG","firstName":"Marko","lastName":"Stankovic","registrationConfirmed":true,"registrationToken":"$2b$08$nKHecqOt8VL6e.9nEBlkTO3xeHkSNQ.BdTjwqm97sK2TqP.85ytB6","userType":"ADMIN"}]
2020-12-14T22:19:22.938Z DEBUG [21364] Auth token from headers: Bearer eyJhbGciOiJIUzI1NiIsInR5cCI6IkpXVCJ9.eyJfaWQiOiI1ZmQ3YWQ0ZDU1NmQ1ZDQ5N2NkYjJlNTAiLCJpYXQiOjE2MDc5ODIxNjUsImV4cCI6MTYwODU4Njk2NX0.COiPEcs71mxTUhTlf9Zby3ZTkQkQeb0lcPga99ETU_Y
2020-12-14T22:19:22.960Z DEBUG [21364] 5fd7ad4d556d5d497cdb2e50
2020-12-14T22:19:22.961Z DEBUG [21364] findById: 5fd7ad4d556d5d497cdb2e50
2020-12-14T22:19:22.981Z DEBUG [21364] fetched user: {"_id":"5fd7ad4d556d5d497cdb2e50","email":"test@test.com","userName":"betrangen","password":"$2b$08$sywfZXuk871zEhnnESIaFu2W/Di5Emt6hc/DZVqDSCHghlZ/WZPia","firstName":"Marko","lastName":"Gregor","registrationConfirmed":false,"registrationToken":"$2b$08$XylgRQdn8.SdLFK00ZgsDeE5mKem8k489i4zrAdd9jPBxNHg5EYL6","userType":"SALES"}
2020-12-14T22:19:23.085Z INFO [21364] User logged in | username: betrangen
2020-12-14T22:19:23.088Z ERROR [21364] Fetching user failed
2020-12-14T22:19:35.968Z INFO [8864] Server listening on port: 3830
2020-12-14T22:19:36.022Z DEBUG [8864] Connected to database: true
2020-12-14T22:19:37.425Z INFO [8864] Login user | {"userName":"betrangen","password":"ensalatasrn"}
2020-12-14T22:19:37.437Z DEBUG [8864] [{"_id":"5fd7ad4d556d5d497cdb2e50","email":"test@test.com","userName":"betrangen","password":"$2b$08$sywfZXuk871zEhnnESIaFu2W/Di5Emt6hc/DZVqDSCHghlZ/WZPia","firstName":"Marko","lastName":"Gregor","registrationConfirmed":false,"registrationToken":"$2b$08$XylgRQdn8.SdLFK00ZgsDeE5mKem8k489i4zrAdd9jPBxNHg5EYL6","userType":"SALES"},{"_id":"5fd7ad7b556d5d497cdb2e51","email":"test@test.com","userName":"gegangen","password":"$2b$08$UYH2cer/iEDwADAa5gB.vuODhZ0NH0PmednGYJdhZzQtNKgMTqFwG","firstName":"Marko","lastName":"Stankovic","registrationConfirmed":true,"registrationToken":"$2b$08$nKHecqOt8VL6e.9nEBlkTO3xeHkSNQ.BdTjwqm97sK2TqP.85ytB6","userType":"ADMIN"}]
2020-12-14T22:19:37.447Z DEBUG [8864] Auth token from headers: Bearer eyJhbGciOiJIUzI1NiIsInR5cCI6IkpXVCJ9.eyJfaWQiOiI1ZmQ3YWQ0ZDU1NmQ1ZDQ5N2NkYjJlNTAiLCJpYXQiOjE2MDc5ODIxNjUsImV4cCI6MTYwODU4Njk2NX0.COiPEcs71mxTUhTlf9Zby3ZTkQkQeb0lcPga99ETU_Y
2020-12-14T22:19:37.452Z DEBUG [8864] 5fd7ad4d556d5d497cdb2e50
2020-12-14T22:19:37.467Z DEBUG [8864] findById: 5fd7ad4d556d5d497cdb2e50
2020-12-14T22:19:37.490Z DEBUG [8864] fetched user: undefined
2020-12-14T22:19:37.546Z INFO [8864] User logged in | username: betrangen
2020-12-14T22:19:37.548Z ERROR [8864] Fetching user failed
2020-12-14T22:19:46.124Z INFO [20224] Server listening on port: 3830
2020-12-14T22:19:46.211Z DEBUG [20224] Connected to database: true
2020-12-14T22:19:49.571Z INFO [20224] Login user | {"userName":"betrangen","password":"ensalatasrn"}
2020-12-14T22:19:49.606Z DEBUG [20224] [{"_id":"5fd7ad4d556d5d497cdb2e50","email":"test@test.com","userName":"betrangen","password":"$2b$08$sywfZXuk871zEhnnESIaFu2W/Di5Emt6hc/DZVqDSCHghlZ/WZPia","firstName":"Marko","lastName":"Gregor","registrationConfirmed":false,"registrationToken":"$2b$08$XylgRQdn8.SdLFK00ZgsDeE5mKem8k489i4zrAdd9jPBxNHg5EYL6","userType":"SALES"},{"_id":"5fd7ad7b556d5d497cdb2e51","email":"test@test.com","userName":"gegangen","password":"$2b$08$UYH2cer/iEDwADAa5gB.vuODhZ0NH0PmednGYJdhZzQtNKgMTqFwG","firstName":"Marko","lastName":"Stankovic","registrationConfirmed":true,"registrationToken":"$2b$08$nKHecqOt8VL6e.9nEBlkTO3xeHkSNQ.BdTjwqm97sK2TqP.85ytB6","userType":"ADMIN"}]
2020-12-14T22:19:49.615Z DEBUG [20224] Auth token from headers: Bearer eyJhbGciOiJIUzI1NiIsInR5cCI6IkpXVCJ9.eyJfaWQiOiI1ZmQ3YWQ0ZDU1NmQ1ZDQ5N2NkYjJlNTAiLCJpYXQiOjE2MDc5ODIxNjUsImV4cCI6MTYwODU4Njk2NX0.COiPEcs71mxTUhTlf9Zby3ZTkQkQeb0lcPga99ETU_Y
2020-12-14T22:19:49.620Z DEBUG [20224] 5fd7ad4d556d5d497cdb2e50
2020-12-14T22:19:49.621Z DEBUG [20224] findById: 5fd7ad4d556d5d497cdb2e50
2020-12-14T22:19:49.630Z DEBUG [20224] fetched user: {"_id":"5fd7ad4d556d5d497cdb2e50","email":"test@test.com","userName":"betrangen","password":"$2b$08$sywfZXuk871zEhnnESIaFu2W/Di5Emt6hc/DZVqDSCHghlZ/WZPia","firstName":"Marko","lastName":"Gregor","registrationConfirmed":false,"registrationToken":"$2b$08$XylgRQdn8.SdLFK00ZgsDeE5mKem8k489i4zrAdd9jPBxNHg5EYL6","userType":"SALES"}
2020-12-14T22:19:49.680Z INFO [20224] User logged in | username: betrangen
2020-12-14T22:19:49.682Z ERROR [20224] Fetching user failed
2020-12-14T22:20:43.700Z INFO [15444] Server listening on port: 3830
2020-12-14T22:20:43.780Z DEBUG [15444] Connected to database: true
2020-12-14T22:20:45.139Z INFO [15444] Login user | {"userName":"betrangen","password":"ensalatasrn"}
2020-12-14T22:20:45.141Z DEBUG [15444] Auth token from headers: Bearer eyJhbGciOiJIUzI1NiIsInR5cCI6IkpXVCJ9.eyJfaWQiOiI1ZmQ3YWQ0ZDU1NmQ1ZDQ5N2NkYjJlNTAiLCJpYXQiOjE2MDc5ODIxNjUsImV4cCI6MTYwODU4Njk2NX0.COiPEcs71mxTUhTlf9Zby3ZTkQkQeb0lcPga99ETU_Y
2020-12-14T22:20:45.157Z DEBUG [15444] 5fd7ad4d556d5d497cdb2e50
2020-12-14T22:20:45.170Z DEBUG [15444] findById: 5fd7ad4d556d5d497cdb2e50
2020-12-14T22:20:45.200Z DEBUG [15444] fetched user: {"_id":"5fd7ad4d556d5d497cdb2e50","email":"test@test.com","userName":"betrangen","password":"$2b$08$sywfZXuk871zEhnnESIaFu2W/Di5Emt6hc/DZVqDSCHghlZ/WZPia","firstName":"Marko","lastName":"Gregor","registrationConfirmed":false,"registrationToken":"$2b$08$XylgRQdn8.SdLFK00ZgsDeE5mKem8k489i4zrAdd9jPBxNHg5EYL6","userType":"SALES"}
2020-12-14T22:21:00.430Z INFO [15444] Login user | {}
2020-12-14T22:21:00.431Z DEBUG [15444] Auth token from headers: Bearer eyJhbGciOiJIUzI1NiIsInR5cCI6IkpXVCJ9.eyJfaWQiOiI1ZmQ3YWQ0ZDU1NmQ1ZDQ5N2NkYjJlNTAiLCJpYXQiOjE2MDc5ODIxNjUsImV4cCI6MTYwODU4Njk2NX0.COiPEcs71mxTUhTlf9Zby3ZTkQkQeb0lcPga99ETU_Y
2020-12-14T22:21:00.444Z DEBUG [15444] 5fd7ad4d556d5d497cdb2e50
2020-12-14T22:21:00.468Z DEBUG [15444] findById: 5fd7ad4d556d5d497cdb2e50
2020-12-14T22:21:00.478Z DEBUG [15444] fetched user: {"_id":"5fd7ad4d556d5d497cdb2e50","email":"test@test.com","userName":"betrangen","password":"$2b$08$sywfZXuk871zEhnnESIaFu2W/Di5Emt6hc/DZVqDSCHghlZ/WZPia","firstName":"Marko","lastName":"Gregor","registrationConfirmed":false,"registrationToken":"$2b$08$XylgRQdn8.SdLFK00ZgsDeE5mKem8k489i4zrAdd9jPBxNHg5EYL6","userType":"SALES"}
2020-12-14T22:22:05.143Z INFO [15444] Login user | {"userName":"betrangen","password":"ensalatasrn"}
2020-12-14T22:22:05.146Z DEBUG [15444] Auth token from headers: Bearer eyJhbGciOiJIUzI1NiIsInR5cCI6IkpXVCJ9.eyJfaWQiOiI1ZmQ3YWQ0ZDU1NmQ1ZDQ5N2NkYjJlNTAiLCJpYXQiOjE2MDc5ODIxNjUsImV4cCI6MTYwODU4Njk2NX0.COiPEcs71mxTUhTlf9Zby3ZTkQkQeb0lcPga99ETU_Yhhh
2020-12-14T22:22:05.148Z ERROR [15444] Fetching user failed
2020-12-14T22:22:26.311Z INFO [15444] Login user | {"userName":"betrangen","password":"ensalatasrn"}
2020-12-14T22:22:26.312Z DEBUG [15444] Auth token from headers: Bearer eyJhbGciOiJIUzI1NiIsInR5cCI6IkpXVCJ9.eyJfaWQiOiI1ZmQ3YWQ0ZDU1NmQ1ZDQ5N2NkYjJlNTAiLCJpYXQiOjE2MDc5ODIxNjUsImV4cCI6MTYwODU4Njk2NX0.COiPEcs71mxTUhTlf9Zby3ZTkQkQeb0lcPga99ETU_Y
2020-12-14T22:22:26.313Z DEBUG [15444] 5fd7ad4d556d5d497cdb2e50
2020-12-14T22:22:26.332Z DEBUG [15444] findById: 5fd7ad4d556d5d497cdb2e50
2020-12-14T22:22:26.357Z DEBUG [15444] fetched user: {"_id":"5fd7ad4d556d5d497cdb2e50","email":"test@test.com","userName":"betrangen","password":"$2b$08$sywfZXuk871zEhnnESIaFu2W/Di5Emt6hc/DZVqDSCHghlZ/WZPia","firstName":"Marko","lastName":"Gregor","registrationConfirmed":false,"registrationToken":"$2b$08$XylgRQdn8.SdLFK00ZgsDeE5mKem8k489i4zrAdd9jPBxNHg5EYL6","userType":"SALES"}
2020-12-14T22:31:26.481Z INFO [19272] Server listening on port: 3830
2020-12-14T22:31:26.551Z DEBUG [19272] Connected to database: true
2020-12-14T22:32:28.512Z INFO [3500] Server listening on port: 3830
2020-12-14T22:32:28.563Z DEBUG [3500] Connected to database: true
2020-12-14T22:32:43.383Z INFO [3500] Create user | {"userName":"retro","email":"test@test.com","password":"ensalatasrn","firstName":"Marko","lastName":"Stankovic","userType":"SALES"}
2020-12-14T22:32:59.959Z INFO [3500] Confirm registration: {"userName":"retro","registrationToken":"$2b$08$0lLrVxohPuLK7LQOPW/md.iVxXR8IbIb05WtEP4mPMF.cwXGU8wNu"}
2020-12-14T22:33:00.038Z INFO [3500] Registration confirmed for user: retro
2020-12-14T22:33:07.254Z INFO [3500] Get user by username: {"username":"retro"}
2020-12-14T22:33:21.468Z INFO [3500] Login user | {"userName":"betrangen","password":"ensalatasrn"}
2020-12-14T22:33:21.469Z DEBUG [3500] Auth token from headers: Bearer eyJhbGciOiJIUzI1NiIsInR5cCI6IkpXVCJ9.eyJfaWQiOiI1ZmQ3YWQ0ZDU1NmQ1ZDQ5N2NkYjJlNTAiLCJpYXQiOjE2MDc5ODIxNjUsImV4cCI6MTYwODU4Njk2NX0.COiPEcs71mxTUhTlf9Zby3ZTkQkQeb0lcPga99ETU_Y
2020-12-14T22:33:21.476Z DEBUG [3500] findById: 5fd7ad4d556d5d497cdb2e50
2020-12-14T22:33:21.684Z DEBUG [3500] fetched user: {"_id":"5fd7ad4d556d5d497cdb2e50","email":"test@test.com","userName":"betrangen","password":"$2b$08$sywfZXuk871zEhnnESIaFu2W/Di5Emt6hc/DZVqDSCHghlZ/WZPia","firstName":"Marko","lastName":"Gregor","registrationConfirmed":false,"registrationToken":"$2b$08$XylgRQdn8.SdLFK00ZgsDeE5mKem8k489i4zrAdd9jPBxNHg5EYL6","userType":"SALES"}
2020-12-14T22:33:24.842Z INFO [3500] Login user | {"userName":"betrangen","password":"ensalatasrn"}
2020-12-14T22:33:24.843Z DEBUG [3500] Auth token from headers: Bearer eyJhbGciOiJIUzI1NiIsInR5cCI6IkpXVCJ9.eyJfaWQiOiI1ZmQ3YWQ0ZDU1NmQ1ZDQ5N2NkYjJlNTAiLCJpYXQiOjE2MDc5ODIxNjUsImV4cCI6MTYwODU4Njk2NX0.COiPEcs71mxTUhTlf9Zby3ZTkQkQeb0lcPga99ETU_Yf
2020-12-14T22:33:24.890Z ERROR [3500] Fetching user failed
2020-12-14T22:33:54.994Z INFO [8520] Server listening on port: 3830
2020-12-14T22:33:55.051Z DEBUG [8520] Connected to database: true
2020-12-14T22:33:56.120Z INFO [8520] Login user | {"userName":"betrangen","password":"ensalatasrn"}
2020-12-14T22:33:56.122Z DEBUG [8520] Auth token from headers: Bearer eyJhbGciOiJIUzI1NiIsInR5cCI6IkpXVCJ9.eyJfaWQiOiI1ZmQ3YWQ0ZDU1NmQ1ZDQ5N2NkYjJlNTAiLCJpYXQiOjE2MDc5ODIxNjUsImV4cCI6MTYwODU4Njk2NX0.COiPEcs71mxTUhTlf9Zby3ZTkQkQeb0lcPga99ETU_Yf
2020-12-14T22:33:56.158Z ERROR [8520] Fetching user failed
2020-12-14T22:34:20.496Z INFO [18760] Server listening on port: 3830
2020-12-14T22:34:20.605Z DEBUG [18760] Connected to database: true
2020-12-14T22:34:23.459Z INFO [18760] Login user | {"userName":"betrangen","password":"ensalatasrn"}
2020-12-14T22:34:23.460Z DEBUG [18760] Auth token from headers: Bearer eyJhbGciOiJIUzI1NiIsInR5cCI6IkpXVCJ9.eyJfaWQiOiI1ZmQ3YWQ0ZDU1NmQ1ZDQ5N2NkYjJlNTAiLCJpYXQiOjE2MDc5ODIxNjUsImV4cCI6MTYwODU4Njk2NX0.COiPEcs71mxTUhTlf9Zby3ZTkQkQeb0lcPga99ETU_Yf
2020-12-14T22:34:23.466Z ERROR [18760] Fetching user failed: JsonWebTokenError: invalid signature
    at C:\Projects\node\matf-kurs-js\web-shop-mare\node_modules\jsonwebtoken\verify.js:133:19
    at getSecret (C:\Projects\node\matf-kurs-js\web-shop-mare\node_modules\jsonwebtoken\verify.js:90:14)
    at Object.module.exports [as verify] (C:\Projects\node\matf-kurs-js\web-shop-mare\node_modules\jsonwebtoken\verify.js:94:10)
    at UserController.<anonymous> (C:\Projects\node\matf-kurs-js\web-shop-mare\build\controllers\UserController.js:130:58)
    at step (C:\Projects\node\matf-kurs-js\web-shop-mare\build\controllers\UserController.js:33:23)
    at Object.next (C:\Projects\node\matf-kurs-js\web-shop-mare\build\controllers\UserController.js:14:53)
    at C:\Projects\node\matf-kurs-js\web-shop-mare\build\controllers\UserController.js:8:71
    at new Promise (<anonymous>)
    at __awaiter (C:\Projects\node\matf-kurs-js\web-shop-mare\build\controllers\UserController.js:4:12)
    at UserController.loginUser (C:\Projects\node\matf-kurs-js\web-shop-mare\build\controllers\UserController.js:115:16)
2020-12-14T22:35:02.410Z INFO [7508] Server listening on port: 3830
2020-12-14T22:35:02.477Z DEBUG [7508] Connected to database: true
2020-12-14T22:35:25.576Z INFO [9040] Server listening on port: 3830
2020-12-14T22:35:25.634Z DEBUG [9040] Connected to database: true
2020-12-14T22:36:10.247Z INFO [9040] Login user | {"userName":"retro","password":"ensalatasrn"}
2020-12-14T22:36:10.249Z DEBUG [9040] Auth token from headers: Bearer eyJhbGciOiJIUzI1NiIsInR5cCI6IkpXVCJ9.eyJfaWQiOiI1ZmQ3YWQ0ZDU1NmQ1ZDQ5N2NkYjJlNTAiLCJpYXQiOjE2MDc5ODIxNjUsImV4cCI6MTYwODU4Njk2NX0.COiPEcs71mxTUhTlf9Zby3ZTkQkQeb0lcPga99ETU_Yf
2020-12-14T22:36:10.280Z ERROR [9040] Fetching user failed: JsonWebTokenError: invalid signature
    at C:\Projects\node\matf-kurs-js\web-shop-mare\node_modules\jsonwebtoken\verify.js:133:19
    at getSecret (C:\Projects\node\matf-kurs-js\web-shop-mare\node_modules\jsonwebtoken\verify.js:90:14)
    at Object.module.exports [as verify] (C:\Projects\node\matf-kurs-js\web-shop-mare\node_modules\jsonwebtoken\verify.js:94:10)
    at UserController.<anonymous> (C:\Projects\node\matf-kurs-js\web-shop-mare\build\controllers\UserController.js:130:58)
    at step (C:\Projects\node\matf-kurs-js\web-shop-mare\build\controllers\UserController.js:33:23)
    at Object.next (C:\Projects\node\matf-kurs-js\web-shop-mare\build\controllers\UserController.js:14:53)
    at C:\Projects\node\matf-kurs-js\web-shop-mare\build\controllers\UserController.js:8:71
    at new Promise (<anonymous>)
    at __awaiter (C:\Projects\node\matf-kurs-js\web-shop-mare\build\controllers\UserController.js:4:12)
    at UserController.loginUser (C:\Projects\node\matf-kurs-js\web-shop-mare\build\controllers\UserController.js:115:16)
2020-12-14T22:36:19.431Z INFO [9040] Login user | {"userName":"retro","password":"ensalatasrn"}
2020-12-14T22:36:19.486Z INFO [9040] User logged in | username: retro
2020-12-14T22:36:36.475Z INFO [9040] Login user | {"userName":"retro","password":"ensalatasrn"}
2020-12-14T22:36:36.476Z DEBUG [9040] Auth token from headers: Bearer eyJhbGciOiJIUzI1NiIsInR5cCI6IkpXVCJ9.eyJfaWQiOiI1ZmQ3ZTgwYjE5N2U0YTBkYWM3NDE5ODMiLCJpYXQiOjE2MDc5ODUzNzksImV4cCI6MTYwODU5MDE3OX0.DJ2AeyWl9JXnsZVi8NFM03HutQsnvTZoLBq812xWE0c
2020-12-14T22:36:36.477Z DEBUG [9040] findById: 5fd7e80b197e4a0dac741983
2020-12-14T22:36:36.519Z DEBUG [9040] fetched user: {"_id":"5fd7e80b197e4a0dac741983","email":"test@test.com","userName":"retro","password":"$2b$08$ryCEEseD6tR3XtLsEM7kKORHznS/Dt2mAuyYWkNsXHmn0NqE4Bbji","firstName":"Marko","lastName":"Stankovic","registrationConfirmed":true,"registrationToken":"$2b$08$0lLrVxohPuLK7LQOPW/md.iVxXR8IbIb05WtEP4mPMF.cwXGU8wNu","userType":"SALES"}
