2020-12-17T14:21:36.251Z INFO [1504] Server listening on port: 3830
2020-12-17T14:21:38.293Z ERROR [1504] failed to connect to server [localhost:27017] on first connect [Error: connect ECONNREFUSED 127.0.0.1:27017
    at TCPConnectWrap.afterConnect [as oncomplete] (net.js:1141:16) {
  name: 'MongoNetworkError'
}]
2020-12-17T14:21:43.594Z INFO [3596] Server listening on port: 3830
2020-12-17T14:21:45.745Z ERROR [3596] failed to connect to server [localhost:27017] on first connect [Error: connect ECONNREFUSED 127.0.0.1:27017
    at TCPConnectWrap.afterConnect [as oncomplete] (net.js:1141:16) {
  name: 'MongoNetworkError'
}]
2020-12-17T14:22:46.412Z INFO [7412] Server listening on port: 3830
2020-12-17T14:22:46.509Z DEBUG [7412] Connected to database: true
2020-12-17T14:24:45.579Z INFO [940] Server listening on port: 3830
2020-12-17T14:24:45.636Z DEBUG [940] Connected to database: true
2020-12-17T14:28:17.744Z INFO [23184] Server listening on port: 3830
2020-12-17T14:28:17.793Z DEBUG [23184] Connected to database: true
2020-12-17T14:42:24.913Z INFO [18208] Server listening on port: 3830
2020-12-17T14:42:24.988Z DEBUG [18208] Connected to database: true
2020-12-17T18:16:02.502Z INFO [15400] Server listening on port: 3830
2020-12-17T18:16:02.752Z DEBUG [15400] Connected to database: true
2020-12-17T18:16:09.104Z INFO [15400] Create user | {"userName":"rema","email":"test@test.com","password":"rema","firstName":"Marko","lastName":"Stankovic","userType":"ADMIN"}
2020-12-17T18:17:30.473Z INFO [15400] Login user | {"userName":"rema","password":"rema"}
2020-12-17T18:17:30.566Z INFO [15400] User logged in | username: rema
2020-12-17T18:17:44.641Z DEBUG [15400] Authentication with token: Bearer eyJhbGciOiJIUzI1NiIsInR5cCI6IkpXVCJ9.eyJfaWQiOiI1ZmRiYTA2OTVjZjYzMzNjMjhkM2EwNDciLCJpYXQiOjE2MDgyMjkwNTAsImV4cCI6MTYwODgzMzg1MH0.uAAZ_psFSbSCv0GsWLFBNFGi6YMoN8BtIiDRDTTzR3c
2020-12-17T18:17:44.854Z INFO [15400] Get user by username: {"username":"all"}
2020-12-17T18:18:53.920Z INFO [18516] Server listening on port: 3830
2020-12-17T18:18:53.982Z DEBUG [18516] Connected to database: true
2020-12-17T18:20:22.382Z INFO [8220] Server listening on port: 3830
2020-12-17T18:20:22.443Z DEBUG [8220] Connected to database: true
2020-12-17T18:20:26.287Z DEBUG [8220] Authentication with token: Bearer eyJhbGciOiJIUzI1NiIsInR5cCI6IkpXVCJ9.eyJfaWQiOiI1ZmRiYTA2OTVjZjYzMzNjMjhkM2EwNDciLCJpYXQiOjE2MDgyMjkwNTAsImV4cCI6MTYwODgzMzg1MH0.uAAZ_psFSbSCv0GsWLFBNFGi6YMoN8BtIiDRDTTzR3c
2020-12-17T18:20:26.326Z ERROR [8220] Failed to get all useers
2020-12-17T18:21:35.898Z INFO [8220] Login user | {"userName":"more","password":"more"}
2020-12-17T18:21:48.409Z INFO [8220] Create user | {"userName":"more","email":"test@test.com","password":"more","firstName":"Marko","lastName":"Stankovic","userType":"SALES"}
2020-12-17T18:21:51.031Z INFO [8220] Login user | {"userName":"more","password":"more"}
2020-12-17T18:21:51.068Z INFO [8220] User logged in | username: more
2020-12-17T18:22:05.728Z DEBUG [8220] Authentication with token: Bearer eyJhbGciOiJIUzI1NiIsInR5cCI6IkpXVCJ9.eyJfaWQiOiI1ZmRiYTFiY2NhMjIxMTIwMWM2OWYyNDgiLCJpYXQiOjE2MDgyMjkzMTEsImV4cCI6MTYwODgzNDExMX0.6esmVq5cXu_DcJXc8WRAU9ZYrA0OqbUd_NaasOwvRfc
2020-12-17T18:22:05.735Z ERROR [8220] Forbidden action for user 5fdba1bcca2211201c69f248
2020-12-17T18:22:33.697Z INFO [18932] Server listening on port: 3830
2020-12-17T18:22:33.755Z DEBUG [18932] Connected to database: true
2020-12-17T18:22:35.736Z DEBUG [18932] Authentication with token: Bearer eyJhbGciOiJIUzI1NiIsInR5cCI6IkpXVCJ9.eyJfaWQiOiI1ZmRiYTFiY2NhMjIxMTIwMWM2OWYyNDgiLCJpYXQiOjE2MDgyMjkzMTEsImV4cCI6MTYwODgzNDExMX0.6esmVq5cXu_DcJXc8WRAU9ZYrA0OqbUd_NaasOwvRfc
2020-12-17T18:22:35.787Z ERROR [18932] Forbidden action for user more
2020-12-17T18:22:44.924Z INFO [18272] Server listening on port: 3830
2020-12-17T18:22:45.231Z DEBUG [18272] Connected to database: true
2020-12-17T18:23:39.084Z INFO [17384] Server listening on port: 3830
2020-12-17T18:23:39.143Z DEBUG [17384] Connected to database: true
2020-12-17T18:24:01.105Z DEBUG [17384] Authentication with token: Bearer eyJhbGciOiJIUzI1NiIsInR5cCI6IkpXVCJ9.eyJfaWQiOiI1ZmRiYTA2OTVjZjYzMzNjMjhkM2EwNDciLCJpYXQiOjE2MDgyMjkwNTAsImV4cCI6MTYwODgzMzg1MH0.uAAZ_psFSbSCv0GsWLFBNFGi6YMoN8BtIiDRDTTzR3c
2020-12-17T18:24:01.184Z ERROR [17384] Failed to get all useers
2020-12-17T18:25:11.243Z INFO [15144] Server listening on port: 3830
2020-12-17T18:25:11.451Z DEBUG [15144] Connected to database: true
2020-12-17T18:25:14.211Z DEBUG [15144] Authentication with token: Bearer eyJhbGciOiJIUzI1NiIsInR5cCI6IkpXVCJ9.eyJfaWQiOiI1ZmRiYTA2OTVjZjYzMzNjMjhkM2EwNDciLCJpYXQiOjE2MDgyMjkwNTAsImV4cCI6MTYwODgzMzg1MH0.uAAZ_psFSbSCv0GsWLFBNFGi6YMoN8BtIiDRDTTzR3c
2020-12-17T18:25:14.267Z ERROR [15144] Failed to get all useers
2020-12-17T18:26:19.719Z INFO [22784] Server listening on port: 3830
2020-12-17T18:26:19.797Z DEBUG [22784] Connected to database: true
2020-12-17T18:26:43.222Z DEBUG [22784] Authentication with token: Bearer eyJhbGciOiJIUzI1NiIsInR5cCI6IkpXVCJ9.eyJfaWQiOiI1ZmRiYTA2OTVjZjYzMzNjMjhkM2EwNDciLCJpYXQiOjE2MDgyMjkwNTAsImV4cCI6MTYwODgzMzg1MH0.uAAZ_psFSbSCv0GsWLFBNFGi6YMoN8BtIiDRDTTzR3c
2020-12-17T18:26:43.273Z ERROR [22784] Failed to get all useers
2020-12-17T18:27:00.510Z INFO [1968] Server listening on port: 3830
2020-12-17T18:27:00.571Z DEBUG [1968] Connected to database: true
2020-12-17T18:27:05.998Z INFO [16888] Server listening on port: 3830
2020-12-17T18:27:06.124Z DEBUG [16888] Connected to database: true
2020-12-17T18:27:08.173Z DEBUG [16888] Authentication with token: Bearer eyJhbGciOiJIUzI1NiIsInR5cCI6IkpXVCJ9.eyJfaWQiOiI1ZmRiYTA2OTVjZjYzMzNjMjhkM2EwNDciLCJpYXQiOjE2MDgyMjkwNTAsImV4cCI6MTYwODgzMzg1MH0.uAAZ_psFSbSCv0GsWLFBNFGi6YMoN8BtIiDRDTTzR3c
2020-12-17T18:27:08.225Z DEBUG [16888] [object Object],[object Object],[object Object],[object Object],[object Object],[object Object]
2020-12-17T18:27:16.842Z INFO [18616] Server listening on port: 3830
2020-12-17T18:27:16.905Z DEBUG [18616] Connected to database: true
2020-12-17T18:28:06.620Z DEBUG [18616] Authentication with token: Bearer eyJhbGciOiJIUzI1NiIsInR5cCI6IkpXVCJ9.eyJfaWQiOiI1ZmRiYTFiY2NhMjIxMTIwMWM2OWYyNDgiLCJpYXQiOjE2MDgyMjkzMTEsImV4cCI6MTYwODgzNDExMX0.6esmVq5cXu_DcJXc8WRAU9ZYrA0OqbUd_NaasOwvRfc
2020-12-17T18:28:06.644Z ERROR [18616] Forbidden action for user: more
